<?xml version="1.0" encoding="UTF-8"?>
<!-- Generated by org.testng.reporters.JUnitReportReporter -->
<testsuite skipped="0" hostname="DESKTOP-G7F29CC" name="Test1.FuncTest" tests="4" failures="0" timestamp="2019-10-03T15:01:54 IST" time="0.006" errors="0">
  <testcase name="Test2" time="0.000" classname="Test1.FuncTest"/>
  <testcase name="Test4" time="0.000" classname="Test1.FuncTest"/>
  <testcase name="Test3" time="0.000" classname="Test1.FuncTest"/>
  <testcase name="Test1" time="0.006" classname="Test1.FuncTest"/>
</testsuite> <!-- Test1.FuncTest -->
